<?xml version="1.0" encoding="UTF-8"?>
<!-- Generated by org.testng.reporters.JUnitReportReporter -->
<testsuite hostname="WKWZTVA1ZxBmS88" failures="0" tests="1" name="automationproject.Tests.ErrorValidations" time="5.555" errors="0" timestamp="2024-11-17T13:38:59 IST" skipped="0">
  <testcase classname="automationproject.Tests.ErrorValidations" name="submitOrder" time="5.555"/>
  <system-out/>
</testsuite> <!-- automationproject.Tests.ErrorValidations -->
