<?xml version="1.0" encoding="UTF-8"?>
<!-- Generated by org.testng.reporters.JUnitReportReporter -->
<testsuite hostname="WKWZTVA1ZxBmS88" failures="0" tests="1" name="automationproject.Tests.SubmitOrder" time="21.182" errors="0" timestamp="2024-11-16T13:02:13 IST" skipped="0">
  <testcase classname="automationproject.Tests.SubmitOrder" name="submitOrder" time="21.182"/>
  <system-out/>
</testsuite> <!-- automationproject.Tests.SubmitOrder -->
