<?xml version="1.0" encoding="UTF-8"?>
<!-- Generated by org.testng.reporters.JUnitReportReporter -->
<testsuite hostname="WKWZTVA1ZxBmS88" failures="0" tests="2" name="automationproject.Tests.SubmitOrderTest" time="41.534" errors="0" timestamp="2024-12-07T20:35:09 IST" skipped="0">
  <testcase classname="automationproject.Tests.SubmitOrderTest" name="submitOrder" time="20.050"/>
  <system-out/>
  <testcase classname="automationproject.Tests.SubmitOrderTest" name="submitOrder" time="21.484"/>
  <system-out/>
</testsuite> <!-- automationproject.Tests.SubmitOrderTest -->
