<?xml version="1.0" encoding="UTF-8"?>
<!-- Generated by org.testng.reporters.JUnitReportReporter -->
<testsuite hostname="WKWZTVA1ZxBmS88" failures="0" tests="3" name="automationproject.Tests.SubmitOrderTest" time="54.476" errors="0" timestamp="2024-11-21T23:50:45 IST" skipped="0">
  <testcase classname="automationproject.Tests.SubmitOrderTest" name="submitOrder" time="22.010"/>
  <testcase classname="automationproject.Tests.SubmitOrderTest" name="OrderHistoryTest" time="8.048"/>
  <testcase classname="automationproject.Tests.SubmitOrderTest" name="submitOrder" time="24.418"/>
</testsuite> <!-- automationproject.Tests.SubmitOrderTest -->
